12:09:18.628  759  DEBUG fr.sparna.rdf.xls2rdf.app.Convert - Will use output format : text/turtle
12:09:18.633  764  DEBUG fr.sparna.rdf.xls2rdf.app.Convert - Will use ModelWriter : fr.sparna.rdf.xls2rdf.OutputStreamModelWriter
12:09:19.863  1994 DEBUG f.s.rdf.xls2rdf.Xls2RdfConverter - Processing sheet: Sheet1
12:09:19.867  1998 INFO  f.sparna.rdf.xls2rdf.RdfizableSheet - Found proper property in header : http://vocab.deic.dk/rock-n-roll/
12:09:19.870  2001 INFO  f.sparna.rdf.xls2rdf.RdfizableSheet - Found proper property in header : http://purl.org/pav/
12:09:19.871  2002 INFO  f.sparna.rdf.xls2rdf.RdfizableSheet - Found proper property in header : http://purl.org/dc/terms/
12:09:19.873  2004 INFO  f.sparna.rdf.xls2rdf.RdfizableSheet - Found proper property in header : http://www.w3.org/2002/07/owl#
12:09:19.875  2006 INFO  f.sparna.rdf.xls2rdf.RdfizableSheet - Found proper property in header : http://www.w3.org/2001/XMLSchema#
12:09:19.876  2007 INFO  f.sparna.rdf.xls2rdf.RdfizableSheet - Found proper property in header : http://www.w3.org/2004/02/skos/core#
12:09:19.884  2015 ERROR f.s.rdf.xls2rdf.ColumnHeaderParser - Unsuccessfull parsing of header parameters for header 'Always provide the version of the vocabulary. You can use form majorChange.minorChange.bugFix (e.g., 1.0.1a)', Exception is java.lang.ArrayIndexOutOfBoundsException : 1
12:09:19.886  2017 ERROR f.s.rdf.xls2rdf.ColumnHeaderParser - Unsuccessfull parsing of header parameters for header 'The initial date of the vocabulary creation in form of YYYY-MM-DDTHH:mm:ss+timeZoneOffset (e.g., 2020-10-30T13:43:00+00:00)', Exception is java.lang.ArrayIndexOutOfBoundsException : 1
12:09:19.887  2018 ERROR f.s.rdf.xls2rdf.ColumnHeaderParser - Unsuccessfull parsing of header parameters for header 'The date of the last update of the vocabulary in form of YYYY-MM-DDTHH:mm:ss+timeZoneOffset (e.g., 2020-10-30T13:43:00+00:00)', Exception is java.lang.ArrayIndexOutOfBoundsException : 1
12:09:19.890  2021 INFO  f.sparna.rdf.xls2rdf.RdfizableSheet - Found proper property in header : http://www.w3.org/2004/02/skos/core#prefLabel
12:09:19.890  2021 INFO  f.sparna.rdf.xls2rdf.RdfizableSheet - Found proper property in header : http://www.w3.org/2004/02/skos/core#altLabel
12:09:19.891  2022 INFO  f.sparna.rdf.xls2rdf.RdfizableSheet - Found proper property in header : http://www.w3.org/2004/02/skos/core#definition
12:09:19.892  2023 INFO  f.sparna.rdf.xls2rdf.RdfizableSheet - Found proper property in header : http://www.w3.org/2004/02/skos/core#broader
12:09:19.892  2023 INFO  f.sparna.rdf.xls2rdf.RdfizableSheet - Found proper property in header : http://www.w3.org/2004/02/skos/core#closeMatch
12:09:19.893  2024 INFO  f.sparna.rdf.xls2rdf.RdfizableSheet - Found proper property in header : http://www.w3.org/2004/02/skos/core#exactMatch
12:09:19.893  2024 INFO  f.sparna.rdf.xls2rdf.RdfizableSheet - Found proper property in header : http://www.w3.org/2004/02/skos/core#broadMatch
12:09:19.894  2025 INFO  f.sparna.rdf.xls2rdf.RdfizableSheet - Found proper property in header : http://www.w3.org/2004/02/skos/core#narrowMatch
12:09:19.895  2026 INFO  f.sparna.rdf.xls2rdf.RdfizableSheet - Found proper property in header : http://www.w3.org/2004/02/skos/core#relatedMatch
12:09:19.895  2026 INFO  f.sparna.rdf.xls2rdf.RdfizableSheet - Found at least 2 headers with proper property declaration in the first 10 columns, title row is at index 15
12:09:19.896  2027 DEBUG f.s.rdf.xls2rdf.Xls2RdfConverter - Found title row at index 15
12:09:19.899  2030 DEBUG f.s.rdf.xls2rdf.Xls2RdfConverter - Adding value on header object "Short or long but well chose name of the vocabulary" with lang en
12:09:19.902  2033 DEBUG f.s.rdf.xls2rdf.Xls2RdfConverter - Adding value on header object "Reuse prefLable from the above cell" with lang en
12:09:19.903  2034 DEBUG f.s.rdf.xls2rdf.Xls2RdfConverter - Adding value on header object "Give a good defintion of this vocabulary, what it is, what is going to be use for, etc." with lang en
12:09:19.904  2035 DEBUG f.s.rdf.xls2rdf.Xls2RdfConverter - Adding value on header object "Put ORCID no of the vocabulary creator, repeat this row for every additional creator." with lang en
12:09:19.905  2036 DEBUG f.s.rdf.xls2rdf.Xls2RdfConverter - Adding value on header object "State under what license this vocabulary is provided, preferably chose license from https://spdx.org/licenses/" with lang en
12:09:19.906  2037 DEBUG f.s.rdf.xls2rdf.Xls2RdfConverter - Adding value on header object "Always provide the version of the vocabulary. You can use form majorChange.minorChange.bugFix (e.g., 1.0.1a)" with lang en
12:09:19.906  2037 DEBUG f.s.rdf.xls2rdf.Xls2RdfConverter - Adding value on header object "The initial date of the vocabulary creation in form of YYYY-MM-DDTHH:mm:ss+timeZoneOffset (e.g., 2020-10-30T13:43:00+00:00)" with lang en
12:09:19.906  2037 DEBUG f.s.rdf.xls2rdf.Xls2RdfConverter - Adding value on header object "The date of the last update of the vocabulary in form of YYYY-MM-DDTHH:mm:ss+timeZoneOffset (e.g., 2020-10-30T13:43:00+00:00)" with lang en
12:09:19.907  2038 DEBUG f.s.rdf.xls2rdf.Xls2RdfConverter - Converting data with these column headers: 
12:09:19.907  2038 DEBUG f.s.rdf.xls2rdf.Xls2RdfConverter - ColumnHeader [originalValue=Identifier, language=Optional.empty, datatype=Optional.empty, property=null, declaredProperty=Identifier, inverse=false, parameters={}, id=null, reconcileOn=null, headerCell=Identifier]
12:09:19.912  2043 DEBUG f.s.rdf.xls2rdf.Xls2RdfConverter - ColumnHeader [originalValue=skos:prefLabel@en, language=Optional[en], datatype=Optional.empty, property=http://www.w3.org/2004/02/skos/core#prefLabel, declaredProperty=skos:prefLabel, inverse=false, parameters={}, id=null, reconcileOn=null, headerCell=skos:prefLabel@en]
12:09:19.913  2044 DEBUG f.s.rdf.xls2rdf.Xls2RdfConverter - ColumnHeader [originalValue=skos:altLabel(separator=","), language=Optional.empty, datatype=Optional.empty, property=http://www.w3.org/2004/02/skos/core#altLabel, declaredProperty=skos:altLabel, inverse=false, parameters={separator=,}, id=null, reconcileOn=null, headerCell=skos:altLabel(separator=",")]
12:09:19.914  2045 DEBUG f.s.rdf.xls2rdf.Xls2RdfConverter - ColumnHeader [originalValue=skos:definition@en, language=Optional[en], datatype=Optional.empty, property=http://www.w3.org/2004/02/skos/core#definition, declaredProperty=skos:definition, inverse=false, parameters={}, id=null, reconcileOn=null, headerCell=skos:definition@en]
12:09:19.917  2048 DEBUG f.s.rdf.xls2rdf.Xls2RdfConverter - ColumnHeader [originalValue=skos:broader(separator=","), language=Optional.empty, datatype=Optional.empty, property=http://www.w3.org/2004/02/skos/core#broader, declaredProperty=skos:broader, inverse=false, parameters={separator=,}, id=null, reconcileOn=null, headerCell=skos:broader(separator=",")]
12:09:19.918  2049 DEBUG f.s.rdf.xls2rdf.Xls2RdfConverter - ColumnHeader [originalValue=skos:closeMatch(separator=","), language=Optional.empty, datatype=Optional.empty, property=http://www.w3.org/2004/02/skos/core#closeMatch, declaredProperty=skos:closeMatch, inverse=false, parameters={separator=,}, id=null, reconcileOn=null, headerCell=skos:closeMatch(separator=",")]
12:09:19.920  2051 DEBUG f.s.rdf.xls2rdf.Xls2RdfConverter - ColumnHeader [originalValue=skos:exactMatch(separator=","), language=Optional.empty, datatype=Optional.empty, property=http://www.w3.org/2004/02/skos/core#exactMatch, declaredProperty=skos:exactMatch, inverse=false, parameters={separator=,}, id=null, reconcileOn=null, headerCell=skos:exactMatch(separator=",")]
12:09:19.921  2052 DEBUG f.s.rdf.xls2rdf.Xls2RdfConverter - ColumnHeader [originalValue=skos:broadMatch(separator=","), language=Optional.empty, datatype=Optional.empty, property=http://www.w3.org/2004/02/skos/core#broadMatch, declaredProperty=skos:broadMatch, inverse=false, parameters={separator=,}, id=null, reconcileOn=null, headerCell=skos:broadMatch(separator=",")]
12:09:19.921  2052 DEBUG f.s.rdf.xls2rdf.Xls2RdfConverter - ColumnHeader [originalValue=skos:narrowMatch(separator=","), language=Optional.empty, datatype=Optional.empty, property=http://www.w3.org/2004/02/skos/core#narrowMatch, declaredProperty=skos:narrowMatch, inverse=false, parameters={separator=,}, id=null, reconcileOn=null, headerCell=skos:narrowMatch(separator=",")]
12:09:19.922  2053 DEBUG f.s.rdf.xls2rdf.Xls2RdfConverter - ColumnHeader [originalValue=skos:relatedMatch(separator=","), language=Optional.empty, datatype=Optional.empty, property=http://www.w3.org/2004/02/skos/core#relatedMatch, declaredProperty=skos:relatedMatch, inverse=false, parameters={separator=,}, id=null, reconcileOn=null, headerCell=skos:relatedMatch(separator=",")]
12:09:19.922  2053 DEBUG f.s.rdf.xls2rdf.Xls2RdfConverter - ColumnHeader [originalValue=owl:deprecated^^xsd:boolean, language=Optional.empty, datatype=Optional[http://www.w3.org/2001/XMLSchema#boolean], property=http://www.w3.org/2002/07/owl#deprecated, declaredProperty=owl:deprecated, inverse=false, parameters={}, id=null, reconcileOn=null, headerCell=owl:deprecated^^xsd:boolean]
12:09:19.923  2054 DEBUG f.s.rdf.xls2rdf.Xls2RdfConverter - ColumnHeader [originalValue=dct:isReplacedBy, language=Optional.empty, datatype=Optional.empty, property=http://purl.org/dc/terms/isReplacedBy, declaredProperty=dct:isReplacedBy, inverse=false, parameters={}, id=null, reconcileOn=null, headerCell=dct:isReplacedBy]
12:09:19.923  2054 DEBUG f.s.rdf.xls2rdf.Xls2RdfConverter - ColumnHeader [originalValue=skos:editorialNote@en, language=Optional[en], datatype=Optional.empty, property=http://www.w3.org/2004/02/skos/core#editorialNote, declaredProperty=skos:editorialNote, inverse=false, parameters={}, id=null, reconcileOn=null, headerCell=skos:editorialNote@en]
12:09:19.923  2054 DEBUG f.s.rdf.xls2rdf.Xls2RdfConverter - ColumnHeader [originalValue=dct:creator(separator=","), language=Optional.empty, datatype=Optional.empty, property=http://purl.org/dc/terms/creator, declaredProperty=dct:creator, inverse=false, parameters={separator=,}, id=null, reconcileOn=null, headerCell=dct:creator(separator=",")]
12:09:19.923  2054 DEBUG f.s.rdf.xls2rdf.Xls2RdfConverter - ColumnHeader [originalValue=dct:contributor(separator=","), language=Optional.empty, datatype=Optional.empty, property=http://purl.org/dc/terms/contributor, declaredProperty=dct:contributor, inverse=false, parameters={separator=,}, id=null, reconcileOn=null, headerCell=dct:contributor(separator=",")]
12:09:19.923  2054 INFO  f.s.rdf.xls2rdf.Xls2RdfConverter - Converting rows...
12:09:19.933  2064 INFO  f.s.rdf.xls2rdf.Xls2RdfConverter - Applying SKOS post-processings on the result
12:09:19.933  2064 DEBUG f.s.rdf.xls2rdf.SkosPostProcessor - Postprocessing : SkosPostProcessor
12:09:19.934  2065 DEBUG f.s.rdf.xls2rdf.SkosPostProcessor - Considering main resource like a ConceptScheme.
12:09:19.936  2067 DEBUG f.s.rdf.xls2rdf.SkosPostProcessor - Adding inverse skos:broader and skos:narrower
12:09:19.939  2070 DEBUG f.s.rdf.xls2rdf.SkosPostProcessor - Adding skos:inScheme
12:09:19.940  2071 DEBUG f.s.rdf.xls2rdf.SkosPostProcessor - Setting rdf:type skos:ConceptScheme to main resource
12:09:19.944  2075 DEBUG f.s.rdf.xls2rdf.SkosPostProcessor - Adding skos:hasTopConcept / skos:topConceptOf
12:09:19.946  2077 DEBUG f.s.rdf.xls2rdf.Xls2RdfConverter - Saving graph of 19 statements generated from Sheet Sheet1
